2020-04-23 22:37:32,871 INFO c.c.m.MobileApplication [main] Starting MobileApplication on DESKTOP-DEPRGE5 with PID 24520 (E:\Projects\mobile\target\classes started by GAMER in E:\Projects\mobile)
2020-04-23 22:37:32,875 DEBUG c.c.m.MobileApplication [main] Running with Spring Boot v2.2.6.RELEASE, Spring v5.2.5.RELEASE
2020-04-23 22:37:32,876 INFO c.c.m.MobileApplication [main] No active profile set, falling back to default profiles: default
2020-04-23 22:37:33,706 ERROR o.s.b.d.LoggingFailureAnalysisReporter [main] 

***************************
APPLICATION FAILED TO START
***************************

Description:

Failed to configure a DataSource: 'url' attribute is not specified and no embedded datasource could be configured.

Reason: Failed to determine a suitable driver class


Action:

Consider the following:
	If you want an embedded database (H2, HSQL or Derby), please put it on the classpath.
	If you have database settings to be loaded from a particular profile you may need to activate it (no profiles are currently active).

2020-04-23 22:42:20,619 INFO c.c.m.MobileApplication [main] Starting MobileApplication on DESKTOP-DEPRGE5 with PID 19496 (E:\Projects\mobile\target\classes started by GAMER in E:\Projects\mobile)
2020-04-23 22:42:20,624 DEBUG c.c.m.MobileApplication [main] Running with Spring Boot v2.2.6.RELEASE, Spring v5.2.5.RELEASE
2020-04-23 22:42:20,625 INFO c.c.m.MobileApplication [main] No active profile set, falling back to default profiles: default
2020-04-23 22:42:21,332 INFO c.c.m.MobileApplication [main] Started MobileApplication in 0.866 seconds (JVM running for 2.048)
2020-04-23 22:42:55,195 DEBUG c.c.m.c.cyriController [http-nio-8080-exec-1] Inside welcome method of controller
2020-04-23 22:43:21,014 INFO c.c.m.MobileApplication [main] Starting MobileApplication on DESKTOP-DEPRGE5 with PID 12644 (E:\Projects\mobile\target\classes started by GAMER in E:\Projects\mobile)
2020-04-23 22:43:21,019 DEBUG c.c.m.MobileApplication [main] Running with Spring Boot v2.2.6.RELEASE, Spring v5.2.5.RELEASE
2020-04-23 22:43:21,019 INFO c.c.m.MobileApplication [main] No active profile set, falling back to default profiles: default
2020-04-23 22:43:21,738 INFO c.c.m.MobileApplication [main] Started MobileApplication in 0.88 seconds (JVM running for 2.061)
2020-04-23 22:43:29,669 DEBUG c.c.m.c.cyriController [http-nio-8080-exec-1] Inside welcome method of controller
2020-04-23 22:43:47,057 DEBUG c.c.m.c.cyriController [http-nio-8080-exec-3] Inside welcome method of controller
2020-04-23 22:43:47,912 DEBUG c.c.m.c.cyriController [http-nio-8080-exec-4] Inside welcome method of controller
2020-04-23 22:43:48,137 DEBUG c.c.m.c.cyriController [http-nio-8080-exec-5] Inside welcome method of controller
2020-04-23 22:43:48,392 DEBUG c.c.m.c.cyriController [http-nio-8080-exec-6] Inside welcome method of controller
2020-04-23 22:44:37,503 INFO c.c.m.MobileApplication [main] Starting MobileApplication on DESKTOP-DEPRGE5 with PID 24284 (E:\Projects\mobile\target\classes started by GAMER in E:\Projects\mobile)
2020-04-23 22:44:37,510 DEBUG c.c.m.MobileApplication [main] Running with Spring Boot v2.2.6.RELEASE, Spring v5.2.5.RELEASE
2020-04-23 22:44:37,510 INFO c.c.m.MobileApplication [main] No active profile set, falling back to default profiles: default
2020-04-23 22:44:38,306 INFO c.c.m.MobileApplication [main] Started MobileApplication in 0.986 seconds (JVM running for 2.165)
2020-04-23 22:44:47,666 DEBUG c.c.m.c.cyriController [http-nio-8080-exec-2] Inside welcome method of controller
